<?xml version="1.0" encoding="UTF-8"?>
<!-- Generated by org.testng.reporters.JUnitReportReporter -->
<testsuite hostname="DESKTOP-2AMNJBK" failures="0" tests="1" name="TestNg.day2basic" time="0.022" errors="0" timestamp="04 Oct 2020 12:02:58 GMT" skipped="0">
  <testcase classname="TestNg.day2basic" name="demo" time="0.022"/>
</testsuite> <!-- TestNg.day2basic -->
