<?xml version="1.0" encoding="UTF-8"?>
<!-- Generated by org.testng.reporters.JUnitReportReporter -->
<testsuite hostname="DESKTOP-2AMNJBK" failures="0" tests="3" name="TestNg.loans" time="0.026" errors="0" timestamp="04 Oct 2020 15:13:06 GMT" skipped="1">
  <testcase classname="TestNg.loans" name="home_loan" time="0.004"/>
  <testcase classname="TestNg.loans" name="personal_loan" time="0.022"/>
  <testcase classname="TestNg.loans" name="mortgae_loan">
    <skipped/>
  </testcase> <!-- mortgae_loan -->
</testsuite> <!-- TestNg.loans -->
