<?xml version="1.0" encoding="UTF-8"?>
<!-- Generated by org.testng.reporters.JUnitReportReporter -->
<testsuite hostname="DESKTOP-2AMNJBK" failures="0" tests="1" name="TestNg.day1basic" time="0.005" errors="0" timestamp="04 Oct 2020 12:02:58 GMT" skipped="0">
  <testcase classname="TestNg.day1basic" name="demo" time="0.005"/>
</testsuite> <!-- TestNg.day1basic -->
