<?xml version="1.0" encoding="UTF-8"?>
<!-- Generated by org.testng.reporters.JUnitReportReporter -->
<testsuite hostname="DESKTOP-2AMNJBK" failures="0" tests="3" name="TestNg.coreFeatures" time="0.017" errors="0" timestamp="04 Oct 2020 12:02:58 GMT" skipped="0">
  <testcase classname="TestNg.coreFeatures" name="Transfer" time="0.004"/>
  <testcase classname="TestNg.coreFeatures" name="login" time="0.003"/>
  <testcase classname="TestNg.coreFeatures" name="logout" time="0.010"/>
</testsuite> <!-- TestNg.coreFeatures -->
