<?xml version="1.0" encoding="UTF-8"?>
<!-- Generated by org.testng.reporters.JUnitReportReporter -->
<testsuite hostname="DESKTOP-2AMNJBK" failures="0" tests="2" name="TestNg.Insurances" time="0.006" errors="0" timestamp="04 Oct 2020 12:02:58 GMT" skipped="0">
  <testcase classname="TestNg.Insurances" name="insurancePersonal" time="0.003"/>
  <testcase classname="TestNg.Insurances" name="insuranceVehicle" time="0.003"/>
</testsuite> <!-- TestNg.Insurances -->
